<?xml version="1.0" encoding="UTF-8"?>
<testsuite xmlns:xsi="http://www.w3.org/2001/XMLSchema-instance" xsi:noNamespaceSchemaLocation="https://maven.apache.org/surefire/maven-surefire-plugin/xsd/surefire-test-report.xsd" name="com.MessengerServer.SelectManageUserServer.AppTest" time="0.07" tests="1" errors="0" skipped="0" failures="0">
  <properties>
    <property name="java.specification.version" value="19"/>
    <property name="sun.jnu.encoding" value="UTF-8"/>
    <property name="java.class.path" value="/home/blaze/Blaze_Personal/messenger/MessengerBackup/MessengerMain/MessengerServer/SelectManageUserServer/target/test-classes:/home/blaze/Blaze_Personal/messenger/MessengerBackup/MessengerMain/MessengerServer/SelectManageUserServer/target/classes:/home/blaze/.m2/repository/junit/junit/4.11/junit-4.11.jar:/home/blaze/.m2/repository/org/hamcrest/hamcrest-core/1.3/hamcrest-core-1.3.jar:/home/blaze/Blaze_Personal/messenger/MessengerBackup/MessengerMain/MessengerServer/ServerInfo/target/ServerInfo-1.0-SNAPSHOT.jar:/home/blaze/.m2/repository/com/MessengerClient/DataTransferUnit/DataTransferUnit/1.0-SNAPSHOT/DataTransferUnit-1.0-SNAPSHOT.jar:/home/blaze/Blaze_Personal/messenger/MessengerBackup/MessengerMain/MessengerServer/MongoConnect/target/MongoConnect-1.0-SNAPSHOT.jar:/home/blaze/.m2/repository/org/mongodb/mongodb-driver-sync/4.9.0/mongodb-driver-sync-4.9.0.jar:/home/blaze/.m2/repository/org/mongodb/bson/4.9.0/bson-4.9.0.jar:/home/blaze/.m2/repository/org/mongodb/mongodb-driver-core/4.9.0/mongodb-driver-core-4.9.0.jar:/home/blaze/.m2/repository/org/mongodb/bson-record-codec/4.9.0/bson-record-codec-4.9.0.jar:/home/blaze/Blaze_Personal/messenger/MessengerBackup/MessengerMain/MessengerServer/DataTransferUnit/target/DataTransferUnit-1.0-SNAPSHOT.jar:"/>
    <property name="java.vm.vendor" value="Private Build"/>
    <property name="sun.arch.data.model" value="64"/>
    <property name="java.vendor.url" value="Unknown"/>
    <property name="os.name" value="Linux"/>
    <property name="java.vm.specification.version" value="19"/>
    <property name="sun.java.launcher" value="SUN_STANDARD"/>
    <property name="user.country" value="US"/>
    <property name="sun.boot.library.path" value="/usr/lib/jvm/java-19-openjdk-amd64/lib"/>
    <property name="sun.java.command" value="/home/blaze/Blaze_Personal/messenger/MessengerBackup/MessengerMain/MessengerServer/SelectManageUserServer/target/surefire/surefirebooter14799920274058817375.jar /home/blaze/Blaze_Personal/messenger/MessengerBackup/MessengerMain/MessengerServer/SelectManageUserServer/target/surefire 2023-04-25T05-12-30_184-jvmRun1 surefire13636713539361574264tmp surefire_54727974846810113722tmp"/>
    <property name="jdk.debug" value="release"/>
    <property name="surefire.test.class.path" value="/home/blaze/Blaze_Personal/messenger/MessengerBackup/MessengerMain/MessengerServer/SelectManageUserServer/target/test-classes:/home/blaze/Blaze_Personal/messenger/MessengerBackup/MessengerMain/MessengerServer/SelectManageUserServer/target/classes:/home/blaze/.m2/repository/junit/junit/4.11/junit-4.11.jar:/home/blaze/.m2/repository/org/hamcrest/hamcrest-core/1.3/hamcrest-core-1.3.jar:/home/blaze/Blaze_Personal/messenger/MessengerBackup/MessengerMain/MessengerServer/ServerInfo/target/ServerInfo-1.0-SNAPSHOT.jar:/home/blaze/.m2/repository/com/MessengerClient/DataTransferUnit/DataTransferUnit/1.0-SNAPSHOT/DataTransferUnit-1.0-SNAPSHOT.jar:/home/blaze/Blaze_Personal/messenger/MessengerBackup/MessengerMain/MessengerServer/MongoConnect/target/MongoConnect-1.0-SNAPSHOT.jar:/home/blaze/.m2/repository/org/mongodb/mongodb-driver-sync/4.9.0/mongodb-driver-sync-4.9.0.jar:/home/blaze/.m2/repository/org/mongodb/bson/4.9.0/bson-4.9.0.jar:/home/blaze/.m2/repository/org/mongodb/mongodb-driver-core/4.9.0/mongodb-driver-core-4.9.0.jar:/home/blaze/.m2/repository/org/mongodb/bson-record-codec/4.9.0/bson-record-codec-4.9.0.jar:/home/blaze/Blaze_Personal/messenger/MessengerBackup/MessengerMain/MessengerServer/DataTransferUnit/target/DataTransferUnit-1.0-SNAPSHOT.jar:"/>
    <property name="sun.cpu.endian" value="little"/>
    <property name="user.home" value="/home/blaze"/>
    <property name="user.language" value="en"/>
    <property name="java.specification.vendor" value="Oracle Corporation"/>
    <property name="java.version.date" value="2023-01-17"/>
    <property name="java.home" value="/usr/lib/jvm/java-19-openjdk-amd64"/>
    <property name="file.separator" value="/"/>
    <property name="basedir" value="/home/blaze/Blaze_Personal/messenger/MessengerBackup/MessengerMain/MessengerServer/SelectManageUserServer"/>
    <property name="java.vm.compressedOopsMode" value="32-bit"/>
    <property name="line.separator" value="&#10;"/>
    <property name="java.specification.name" value="Java Platform API Specification"/>
    <property name="java.vm.specification.vendor" value="Oracle Corporation"/>
    <property name="surefire.real.class.path" value="/home/blaze/Blaze_Personal/messenger/MessengerBackup/MessengerMain/MessengerServer/SelectManageUserServer/target/surefire/surefirebooter14799920274058817375.jar"/>
    <property name="sun.management.compiler" value="HotSpot 64-Bit Tiered Compilers"/>
    <property name="java.runtime.version" value="19.0.2+7-Ubuntu-0ubuntu322.04"/>
    <property name="user.name" value="blaze"/>
    <property name="stdout.encoding" value="UTF-8"/>
    <property name="path.separator" value=":"/>
    <property name="os.version" value="5.15.0-70-generic"/>
    <property name="java.runtime.name" value="OpenJDK Runtime Environment"/>
    <property name="file.encoding" value="UTF-8"/>
    <property name="java.vm.name" value="OpenJDK 64-Bit Server VM"/>
    <property name="localRepository" value="/home/blaze/.m2/repository"/>
    <property name="java.vendor.url.bug" value="Unknown"/>
    <property name="java.io.tmpdir" value="/tmp"/>
    <property name="java.version" value="19.0.2"/>
    <property name="user.dir" value="/home/blaze/Blaze_Personal/messenger/MessengerBackup/MessengerMain/MessengerServer/SelectManageUserServer"/>
    <property name="os.arch" value="amd64"/>
    <property name="java.vm.specification.name" value="Java Virtual Machine Specification"/>
    <property name="native.encoding" value="UTF-8"/>
    <property name="java.library.path" value="/usr/java/packages/lib:/usr/lib/x86_64-linux-gnu/jni:/lib/x86_64-linux-gnu:/usr/lib/x86_64-linux-gnu:/usr/lib/jni:/lib:/usr/lib"/>
    <property name="java.vm.info" value="mixed mode, sharing"/>
    <property name="stderr.encoding" value="UTF-8"/>
    <property name="java.vendor" value="Private Build"/>
    <property name="java.vm.version" value="19.0.2+7-Ubuntu-0ubuntu322.04"/>
    <property name="sun.io.unicode.encoding" value="UnicodeLittle"/>
    <property name="java.class.version" value="63.0"/>
  </properties>
  <testcase name="shouldAnswerWithTrue" classname="com.MessengerServer.SelectManageUserServer.AppTest" time="0.003"/>
</testsuite>